<?xml version="1.0" encoding="UTF-8" ?>
<testsuite errors="0" failures="0" hostname="mgurenkov" name="SampleTest" skipped="0" tests="1" time="0.014" timestamp="2024-04-25T12:21:36">
  <properties>
    <property name="ant.library.dir" value="/usr/share/ant/lib" />
    <property name="ant.file.type" value="file" />
    <property name="java.specification.version" value="19" />
    <property name="ant.project.name" value="MyProj" />
    <property name="sun.jnu.encoding" value="UTF-8" />
    <property name="java.class.path" value="/usr/share/ant/lib/ant-launcher.jar:/usr/share/ant/lib/jsch-0.1.55.jar:/usr/share/ant/lib/ant-junit.jar:/usr/share/ant/lib/ant-apache-regexp.jar:/usr/share/ant/lib/ant-commons-net.jar:/usr/share/ant/lib/ant-launcher.jar:/usr/share/ant/lib/ant-jdepend.jar:/usr/share/ant/lib/ant-apache-xalan2.jar:/usr/share/ant/lib/ant-junit4.jar:/usr/share/ant/lib/ant-apache-resolver.jar:/usr/share/ant/lib/ant-jsch.jar:/usr/share/ant/lib/ant-apache-log4j.jar:/usr/share/ant/lib/ant-apache-oro.jar:/usr/share/ant/lib/ant-xz.jar:/usr/share/ant/lib/ant-apache-bsf.jar:/usr/share/ant/lib/ant-apache-bcel.jar:/usr/share/ant/lib/ant-antlr.jar:/usr/share/ant/lib/ant-testutil.jar:/usr/share/ant/lib/ant-commons-logging.jar:/usr/share/ant/lib/ant-swing.jar:/usr/share/ant/lib/ant.jar:/usr/share/ant/lib/ant-jmf.jar:/usr/share/ant/lib/ant-javamail.jar" />
    <property name="java.vm.vendor" value="Private Build" />
    <property name="sun.arch.data.model" value="64" />
    <property name="java.vendor.url" value="Unknown" />
    <property name="ant.file.type.MyProj" value="file" />
    <property name="os.name" value="Linux" />
    <property name="java.vm.specification.version" value="19" />
    <property name="user.country" value="US" />
    <property name="sun.java.launcher" value="SUN_STANDARD" />
    <property name="sun.boot.library.path" value="/usr/lib/jvm/java-19-openjdk-amd64/lib" />
    <property name="sun.java.command" value="org.apache.tools.ant.launch.Launcher -cp  report" />
    <property name="jdk.debug" value="release" />
    <property name="sun.cpu.endian" value="little" />
    <property name="user.home" value="/home/mgurenkov" />
    <property name="user.language" value="en" />
    <property name="web.dir" value="/home/mgurenkov/Desktop/ITMO/2_курс/Software-engineering-basics/SEB-Lab3/src/main/webapp" />
    <property name="java.specification.vendor" value="Oracle Corporation" />
    <property name="java.version.date" value="2023-01-17" />
    <property name="java.home" value="/usr/lib/jvm/java-19-openjdk-amd64" />
    <property name="file.separator" value="/" />
    <property name="basedir" value="/home/mgurenkov/Desktop/ITMO/2_курс/Software-engineering-basics/SEB-Lab3" />
    <property name="java.vm.compressedOopsMode" value="32-bit" />
    <property name="line.separator" value="&#xa;" />
    <property name="ant.java.version" value="19" />
    <property name="java.specification.name" value="Java Platform API Specification" />
    <property name="java.vm.specification.vendor" value="Oracle Corporation" />
    <property name="ant.file.MyProj" value="/home/mgurenkov/Desktop/ITMO/2_курс/Software-engineering-basics/SEB-Lab3/build.xml" />
    <property name="sun.management.compiler" value="HotSpot 64-Bit Tiered Compilers" />
    <property name="java.runtime.version" value="19.0.2+7-Ubuntu-0ubuntu322.04" />
    <property name="user.name" value="mgurenkov" />
    <property name="ant.file" value="/home/mgurenkov/Desktop/ITMO/2_курс/Software-engineering-basics/SEB-Lab3/build.xml" />
    <property name="stdout.encoding" value="UTF-8" />
    <property name="path.separator" value=":" />
    <property name="os.version" value="6.5.0-28-generic" />
    <property name="java.runtime.name" value="OpenJDK Runtime Environment" />
    <property name="file.encoding" value="UTF-8" />
    <property name="ant.project.invoked-targets" value="report" />
    <property name="java.vm.name" value="OpenJDK 64-Bit Server VM" />
    <property name="build.dir" value="/home/mgurenkov/Desktop/ITMO/2_курс/Software-engineering-basics/SEB-Lab3/build" />
    <property name="ant.core.lib" value="/usr/share/ant/lib/ant.jar" />
    <property name="java.vendor.url.bug" value="Unknown" />
    <property name="java.io.tmpdir" value="/tmp" />
    <property name="java.version" value="19.0.2" />
    <property name="user.dir" value="/home/mgurenkov/Desktop/ITMO/2_курс/Software-engineering-basics/SEB-Lab3" />
    <property name="os.arch" value="amd64" />
    <property name="java.vm.specification.name" value="Java Virtual Machine Specification" />
    <property name="ant.home" value="/usr/share/ant" />
    <property name="lib.dir" value="/home/mgurenkov/Desktop/ITMO/2_курс/Software-engineering-basics/SEB-Lab3/lib" />
    <property name="native.encoding" value="UTF-8" />
    <property name="ant.version" value="Apache Ant(TM) version 1.10.12 compiled on January 17 1970" />
    <property name="java.library.path" value="/usr/java/packages/lib:/usr/lib/x86_64-linux-gnu/jni:/lib/x86_64-linux-gnu:/usr/lib/x86_64-linux-gnu:/usr/lib/jni:/lib:/usr/lib" />
    <property name="stderr.encoding" value="UTF-8" />
    <property name="java.vendor" value="Private Build" />
    <property name="java.vm.info" value="mixed mode, sharing" />
    <property name="java.vm.version" value="19.0.2+7-Ubuntu-0ubuntu322.04" />
    <property name="classes.dir" value="/home/mgurenkov/Desktop/ITMO/2_курс/Software-engineering-basics/SEB-Lab3/build/classes" />
    <property name="sun.io.unicode.encoding" value="UnicodeLittle" />
    <property name="java.class.version" value="63.0" />
    <property name="src.dir" value="/home/mgurenkov/Desktop/ITMO/2_курс/Software-engineering-basics/SEB-Lab3/src" />
  </properties>
  <testcase classname="SampleTest" name="test" time="0.0" />
  <system-out><![CDATA[]]></system-out>
  <system-err><![CDATA[]]></system-err>
</testsuite>
