<?xml version="1.0" encoding="UTF-8" ?>
<testsuite errors="0" failures="0" hostname="mgurenkov" name="OneMoreTest" skipped="0" tests="1" time="0.046" timestamp="2024-04-25T13:07:17">
  <properties>
    <property name="ant.library.dir" value="/usr/share/ant/lib" />
    <property name="ant.file.type" value="file" />
    <property name="java.specification.version" value="19" />
    <property name="ant.project.name" value="MyProj" />
    <property name="sun.jnu.encoding" value="UTF-8" />
    <property name="java.class.path" value="/home/mgurenkov/Desktop/ITMO/2_курс/Software-engineering-basics/SEB-Lab3/lib/antlr4-runtime-4.10.1.jar:/home/mgurenkov/Desktop/ITMO/2_курс/Software-engineering-basics/SEB-Lab3/lib/byte-buddy-1.12.18.jar:/home/mgurenkov/Desktop/ITMO/2_курс/Software-engineering-basics/SEB-Lab3/lib/classmate-1.5.1.jar:/home/mgurenkov/Desktop/ITMO/2_курс/Software-engineering-basics/SEB-Lab3/lib/hibernate-commons-annotations-6.0.6.Final.jar:/home/mgurenkov/Desktop/ITMO/2_курс/Software-engineering-basics/SEB-Lab3/lib/hibernate-core-6.2.3.Final.jar:/home/mgurenkov/Desktop/ITMO/2_курс/Software-engineering-basics/SEB-Lab3/lib/istack-commons-runtime-4.1.1.jar:/home/mgurenkov/Desktop/ITMO/2_курс/Software-engineering-basics/SEB-Lab3/lib/jakarta.jakartaee-web-api-10.0.0.jar:/home/mgurenkov/Desktop/ITMO/2_курс/Software-engineering-basics/SEB-Lab3/lib/junit-4.10.jar:/home/mgurenkov/Desktop/ITMO/2_курс/Software-engineering-basics/SEB-Lab3/lib/lombok-1.18.28.jar:/home/mgurenkov/Desktop/ITMO/2_курс/Software-engineering-basics/SEB-Lab3/lib/postgresql-42.6.0.jar:/home/mgurenkov/Desktop/ITMO/2_курс/Software-engineering-basics/SEB-Lab3/build/classes:/usr/share/java/ant-launcher-1.10.12.jar:/usr/share/ant/lib/ant.jar:/usr/share/ant/lib/ant-junit.jar:/usr/share/ant/lib/ant-junit4.jar" />
    <property name="java.vm.vendor" value="Private Build" />
    <property name="sun.arch.data.model" value="64" />
    <property name="java.vendor.url" value="Unknown" />
    <property name="ant.file.type.MyProj" value="file" />
    <property name="java.vm.specification.version" value="19" />
    <property name="os.name" value="Linux" />
    <property name="sun.java.launcher" value="SUN_STANDARD" />
    <property name="user.country" value="US" />
    <property name="sun.boot.library.path" value="/usr/lib/jvm/java-19-openjdk-amd64/lib" />
    <property name="sun.java.command" value="org.apache.tools.ant.taskdefs.optional.junit.JUnitTestRunner OneMoreTest skipNonTests=false filtertrace=true haltOnError=false haltOnFailure=true formatter=org.apache.tools.ant.taskdefs.optional.junit.SummaryJUnitResultFormatter showoutput=false outputtoformatters=true logfailedtests=true threadid=0 logtestlistenerevents=false formatter=org.apache.tools.ant.taskdefs.optional.junit.XMLJUnitResultFormatter,/home/mgurenkov/Desktop/ITMO/2_курс/Software-engineering-basics/SEB-Lab3/test-reports/TEST-OneMoreTest.xml crashfile=/home/mgurenkov/Desktop/ITMO/2_курс/Software-engineering-basics/SEB-Lab3/junitvmwatcher1915723750386189307.properties propsfile=/home/mgurenkov/Desktop/ITMO/2_курс/Software-engineering-basics/SEB-Lab3/junit4096538012980991896.properties" />
    <property name="jdk.debug" value="release" />
    <property name="sun.cpu.endian" value="little" />
    <property name="user.home" value="/home/mgurenkov" />
    <property name="user.language" value="en" />
    <property name="java.specification.vendor" value="Oracle Corporation" />
    <property name="web.dir" value="/home/mgurenkov/Desktop/ITMO/2_курс/Software-engineering-basics/SEB-Lab3/src/main/webapp" />
    <property name="java.version.date" value="2023-01-17" />
    <property name="java.home" value="/usr/lib/jvm/java-19-openjdk-amd64" />
    <property name="basedir" value="/home/mgurenkov/Desktop/ITMO/2_курс/Software-engineering-basics/SEB-Lab3" />
    <property name="file.separator" value="/" />
    <property name="java.vm.compressedOopsMode" value="32-bit" />
    <property name="line.separator" value="&#xa;" />
    <property name="ant.java.version" value="19" />
    <property name="java.specification.name" value="Java Platform API Specification" />
    <property name="java.vm.specification.vendor" value="Oracle Corporation" />
    <property name="ant.file.MyProj" value="/home/mgurenkov/Desktop/ITMO/2_курс/Software-engineering-basics/SEB-Lab3/build.xml" />
    <property name="sun.management.compiler" value="HotSpot 64-Bit Tiered Compilers" />
    <property name="java.runtime.version" value="19.0.2+7-Ubuntu-0ubuntu322.04" />
    <property name="user.name" value="mgurenkov" />
    <property name="ant.file" value="/home/mgurenkov/Desktop/ITMO/2_курс/Software-engineering-basics/SEB-Lab3/build.xml" />
    <property name="stdout.encoding" value="UTF-8" />
    <property name="path.separator" value=":" />
    <property name="os.version" value="6.5.0-28-generic" />
    <property name="java.runtime.name" value="OpenJDK Runtime Environment" />
    <property name="file.encoding" value="UTF-8" />
    <property name="ant.project.invoked-targets" value="report" />
    <property name="java.vm.name" value="OpenJDK 64-Bit Server VM" />
    <property name="build.dir" value="/home/mgurenkov/Desktop/ITMO/2_курс/Software-engineering-basics/SEB-Lab3/build" />
    <property name="ant.core.lib" value="/usr/share/ant/lib/ant.jar" />
    <property name="java.vendor.url.bug" value="Unknown" />
    <property name="java.io.tmpdir" value="/tmp" />
    <property name="java.version" value="19.0.2" />
    <property name="user.dir" value="/home/mgurenkov/Desktop/ITMO/2_курс/Software-engineering-basics/SEB-Lab3" />
    <property name="os.arch" value="amd64" />
    <property name="java.vm.specification.name" value="Java Virtual Machine Specification" />
    <property name="ant.home" value="/usr/share/ant" />
    <property name="lib.dir" value="/home/mgurenkov/Desktop/ITMO/2_курс/Software-engineering-basics/SEB-Lab3/lib" />
    <property name="native.encoding" value="UTF-8" />
    <property name="ant.version" value="Apache Ant(TM) version 1.10.12 compiled on January 17 1970" />
    <property name="java.library.path" value="/usr/java/packages/lib:/usr/lib/x86_64-linux-gnu/jni:/lib/x86_64-linux-gnu:/usr/lib/x86_64-linux-gnu:/usr/lib/jni:/lib:/usr/lib" />
    <property name="java.vendor" value="Private Build" />
    <property name="stderr.encoding" value="UTF-8" />
    <property name="java.vm.info" value="mixed mode, sharing" />
    <property name="java.vm.version" value="19.0.2+7-Ubuntu-0ubuntu322.04" />
    <property name="classes.dir" value="/home/mgurenkov/Desktop/ITMO/2_курс/Software-engineering-basics/SEB-Lab3/build/classes" />
    <property name="sun.io.unicode.encoding" value="UnicodeLittle" />
    <property name="java.class.version" value="63.0" />
    <property name="src.dir" value="/home/mgurenkov/Desktop/ITMO/2_курс/Software-engineering-basics/SEB-Lab3/src" />
  </properties>
  <testcase classname="OneMoreTest" name="test" time="0.001" />
  <system-out><![CDATA[]]></system-out>
  <system-err><![CDATA[]]></system-err>
</testsuite>
